{"/Users/kevinyaelrodriguezmedina/Downloads/ProyectoServiciosWeb/Back-ProgServWeb/src/app.js": {"path":"/Users/kevinyaelrodriguezmedina/Downloads/ProyectoServiciosWeb/Back-ProgServWeb/src/app.js","statementMap":{"0":{"start":{"line":1,"column":16},"end":{"line":1,"column":34}},"1":{"start":{"line":2,"column":18},"end":{"line":2,"column":46}},"2":{"start":{"line":3,"column":15},"end":{"line":3,"column":40}},"3":{"start":{"line":4,"column":22},"end":{"line":4,"column":60}},"4":{"start":{"line":6,"column":13},"end":{"line":6,"column":28}},"5":{"start":{"line":7,"column":15},"end":{"line":7,"column":32}},"6":{"start":{"line":10,"column":15},"end":{"line":10,"column":29}},"7":{"start":{"line":12,"column":18},"end":{"line":12,"column":47}},"8":{"start":{"line":13,"column":14},"end":{"line":13,"column":46}},"9":{"start":{"line":15,"column":0},"end":{"line":15,"column":27}},"10":{"start":{"line":18,"column":12},"end":{"line":18,"column":21}},"11":{"start":{"line":20,"column":0},"end":{"line":20,"column":16}},"12":{"start":{"line":21,"column":0},"end":{"line":21,"column":49}},"13":{"start":{"line":22,"column":0},"end":{"line":22,"column":24}},"14":{"start":{"line":23,"column":0},"end":{"line":23,"column":23}},"15":{"start":{"line":25,"column":0},"end":{"line":25,"column":34}},"16":{"start":{"line":28,"column":0},"end":{"line":28,"column":62}},"17":{"start":{"line":31,"column":0},"end":{"line":35,"column":1}},"18":{"start":{"line":32,"column":4},"end":{"line":34,"column":40}},"19":{"start":{"line":33,"column":20},"end":{"line":33,"column":97}},"20":{"start":{"line":34,"column":22},"end":{"line":34,"column":38}},"21":{"start":{"line":37,"column":0},"end":{"line":37,"column":21}}},"fnMap":{"0":{"name":"(anonymous_0)","decl":{"start":{"line":33,"column":14},"end":{"line":33,"column":15}},"loc":{"start":{"line":33,"column":20},"end":{"line":33,"column":97}},"line":33},"1":{"name":"(anonymous_1)","decl":{"start":{"line":34,"column":15},"end":{"line":34,"column":16}},"loc":{"start":{"line":34,"column":22},"end":{"line":34,"column":38}},"line":34}},"branchMap":{"0":{"loc":{"start":{"line":31,"column":0},"end":{"line":35,"column":1}},"type":"if","locations":[{"start":{"line":31,"column":0},"end":{"line":35,"column":1}},{"start":{},"end":{}}],"line":31}},"s":{"0":1,"1":1,"2":1,"3":1,"4":1,"5":1,"6":1,"7":1,"8":1,"9":1,"10":1,"11":1,"12":1,"13":1,"14":1,"15":1,"16":1,"17":1,"18":0,"19":0,"20":0,"21":1},"f":{"0":0,"1":0},"b":{"0":[0,1]},"_coverageSchema":"1a1c01bbd47fc00a2c39e90264f33305004495a9","hash":"6e13249208d632938ad87c8129c018fc8466d533"}
,"/Users/kevinyaelrodriguezmedina/Downloads/ProyectoServiciosWeb/Back-ProgServWeb/src/server.js": {"path":"/Users/kevinyaelrodriguezmedina/Downloads/ProyectoServiciosWeb/Back-ProgServWeb/src/server.js","statementMap":{"0":{"start":{"line":1,"column":12},"end":{"line":1,"column":28}},"1":{"start":{"line":2,"column":0},"end":{"line":2,"column":27}},"2":{"start":{"line":5,"column":13},"end":{"line":5,"column":37}},"3":{"start":{"line":8,"column":15},"end":{"line":10,"column":2}},"4":{"start":{"line":9,"column":4},"end":{"line":9,"column":81}},"5":{"start":{"line":13,"column":0},"end":{"line":13,"column":24}}},"fnMap":{"0":{"name":"(anonymous_0)","decl":{"start":{"line":8,"column":32},"end":{"line":8,"column":33}},"loc":{"start":{"line":8,"column":38},"end":{"line":10,"column":1}},"line":8}},"branchMap":{"0":{"loc":{"start":{"line":5,"column":13},"end":{"line":5,"column":37}},"type":"binary-expr","locations":[{"start":{"line":5,"column":13},"end":{"line":5,"column":29}},{"start":{"line":5,"column":33},"end":{"line":5,"column":37}}],"line":5}},"s":{"0":1,"1":1,"2":1,"3":1,"4":1,"5":1},"f":{"0":1},"b":{"0":[1,1]},"_coverageSchema":"1a1c01bbd47fc00a2c39e90264f33305004495a9","hash":"3e87e70b9dec46465f67dc0079054322d4eeb10d"}
,"/Users/kevinyaelrodriguezmedina/Downloads/ProyectoServiciosWeb/Back-ProgServWeb/src/config/database.js": {"path":"/Users/kevinyaelrodriguezmedina/Downloads/ProyectoServiciosWeb/Back-ProgServWeb/src/config/database.js","statementMap":{"0":{"start":{"line":1,"column":0},"end":{"line":1,"column":27}},"1":{"start":{"line":2,"column":22},"end":{"line":2,"column":42}},"2":{"start":{"line":4,"column":15},"end":{"line":4,"column":34}},"3":{"start":{"line":5,"column":15},"end":{"line":5,"column":34}},"4":{"start":{"line":6,"column":15},"end":{"line":6,"column":38}},"5":{"start":{"line":8,"column":18},"end":{"line":11,"column":2}},"6":{"start":{"line":13,"column":0},"end":{"line":15,"column":81}},"7":{"start":{"line":14,"column":16},"end":{"line":14,"column":71}},"8":{"start":{"line":15,"column":17},"end":{"line":15,"column":79}},"9":{"start":{"line":17,"column":4},"end":{"line":17,"column":31}}},"fnMap":{"0":{"name":"(anonymous_0)","decl":{"start":{"line":14,"column":10},"end":{"line":14,"column":11}},"loc":{"start":{"line":14,"column":16},"end":{"line":14,"column":71}},"line":14},"1":{"name":"(anonymous_1)","decl":{"start":{"line":15,"column":11},"end":{"line":15,"column":12}},"loc":{"start":{"line":15,"column":17},"end":{"line":15,"column":79}},"line":15}},"branchMap":{},"s":{"0":2,"1":2,"2":2,"3":2,"4":2,"5":2,"6":2,"7":2,"8":0,"9":2},"f":{"0":2,"1":0},"b":{},"_coverageSchema":"1a1c01bbd47fc00a2c39e90264f33305004495a9","hash":"7a3783a11a7db503e911dc243c2b0aaaa71dfcd6"}
,"/Users/kevinyaelrodriguezmedina/Downloads/ProyectoServiciosWeb/Back-ProgServWeb/src/controllers/commentsControllers.js": {"path":"/Users/kevinyaelrodriguezmedina/Downloads/ProyectoServiciosWeb/Back-ProgServWeb/src/controllers/commentsControllers.js","statementMap":{"0":{"start":{"line":1,"column":24},"end":{"line":1,"column":52}},"1":{"start":{"line":2,"column":24},"end":{"line":2,"column":64}},"2":{"start":{"line":6,"column":21},"end":{"line":6,"column":37}},"3":{"start":{"line":7,"column":24},"end":{"line":7,"column":69}},"4":{"start":{"line":8,"column":8},"end":{"line":8,"column":45}},"5":{"start":{"line":12,"column":25},"end":{"line":12,"column":68}},"6":{"start":{"line":13,"column":8},"end":{"line":13,"column":46}},"7":{"start":{"line":16,"column":21},"end":{"line":16,"column":37}},"8":{"start":{"line":17,"column":24},"end":{"line":17,"column":69}},"9":{"start":{"line":18,"column":8},"end":{"line":18,"column":45}},"10":{"start":{"line":21,"column":24},"end":{"line":21,"column":69}},"11":{"start":{"line":22,"column":8},"end":{"line":22,"column":45}},"12":{"start":{"line":26,"column":0},"end":{"line":26,"column":37}}},"fnMap":{"0":{"name":"(anonymous_0)","decl":{"start":{"line":5,"column":4},"end":{"line":5,"column":5}},"loc":{"start":{"line":5,"column":34},"end":{"line":9,"column":5}},"line":5},"1":{"name":"(anonymous_1)","decl":{"start":{"line":11,"column":4},"end":{"line":11,"column":5}},"loc":{"start":{"line":11,"column":32},"end":{"line":14,"column":5}},"line":11},"2":{"name":"(anonymous_2)","decl":{"start":{"line":15,"column":4},"end":{"line":15,"column":5}},"loc":{"start":{"line":15,"column":34},"end":{"line":19,"column":5}},"line":15},"3":{"name":"(anonymous_3)","decl":{"start":{"line":20,"column":4},"end":{"line":20,"column":5}},"loc":{"start":{"line":20,"column":34},"end":{"line":23,"column":5}},"line":20}},"branchMap":{},"s":{"0":1,"1":1,"2":0,"3":0,"4":0,"5":0,"6":0,"7":0,"8":0,"9":0,"10":0,"11":0,"12":1},"f":{"0":0,"1":0,"2":0,"3":0},"b":{},"_coverageSchema":"1a1c01bbd47fc00a2c39e90264f33305004495a9","hash":"e4e3566357bac15e1790b8a9d50229983dc2fc18"}
,"/Users/kevinyaelrodriguezmedina/Downloads/ProyectoServiciosWeb/Back-ProgServWeb/src/controllers/userControllers.js": {"path":"/Users/kevinyaelrodriguezmedina/Downloads/ProyectoServiciosWeb/Back-ProgServWeb/src/controllers/userControllers.js","statementMap":{"0":{"start":{"line":1,"column":20},"end":{"line":1,"column":52}},"1":{"start":{"line":3,"column":0},"end":{"line":10,"column":2}},"2":{"start":{"line":4,"column":2},"end":{"line":9,"column":3}},"3":{"start":{"line":5,"column":17},"end":{"line":5,"column":53}},"4":{"start":{"line":6,"column":4},"end":{"line":6,"column":38}},"5":{"start":{"line":8,"column":4},"end":{"line":8,"column":73}},"6":{"start":{"line":12,"column":0},"end":{"line":24,"column":4}},"7":{"start":{"line":13,"column":4},"end":{"line":23,"column":5}},"8":{"start":{"line":15,"column":21},"end":{"line":15,"column":59}},"9":{"start":{"line":18,"column":6},"end":{"line":20,"column":7}},"10":{"start":{"line":19,"column":8},"end":{"line":19,"column":86}},"11":{"start":{"line":22,"column":6},"end":{"line":22,"column":76}},"12":{"start":{"line":27,"column":0},"end":{"line":34,"column":2}},"13":{"start":{"line":28,"column":2},"end":{"line":33,"column":3}},"14":{"start":{"line":29,"column":18},"end":{"line":29,"column":54}},"15":{"start":{"line":30,"column":4},"end":{"line":30,"column":39}},"16":{"start":{"line":32,"column":4},"end":{"line":32,"column":72}},"17":{"start":{"line":36,"column":0},"end":{"line":43,"column":2}},"18":{"start":{"line":37,"column":2},"end":{"line":42,"column":3}},"19":{"start":{"line":38,"column":4},"end":{"line":38,"column":43}},"20":{"start":{"line":39,"column":4},"end":{"line":39,"column":34}},"21":{"start":{"line":41,"column":4},"end":{"line":41,"column":72}},"22":{"start":{"line":45,"column":0},"end":{"line":52,"column":2}},"23":{"start":{"line":46,"column":2},"end":{"line":51,"column":3}},"24":{"start":{"line":47,"column":19},"end":{"line":47,"column":53}},"25":{"start":{"line":48,"column":4},"end":{"line":48,"column":40}},"26":{"start":{"line":50,"column":4},"end":{"line":50,"column":69}},"27":{"start":{"line":54,"column":0},"end":{"line":61,"column":2}},"28":{"start":{"line":55,"column":2},"end":{"line":60,"column":3}},"29":{"start":{"line":56,"column":19},"end":{"line":56,"column":52}},"30":{"start":{"line":57,"column":4},"end":{"line":57,"column":40}},"31":{"start":{"line":59,"column":4},"end":{"line":59,"column":70}}},"fnMap":{"0":{"name":"(anonymous_0)","decl":{"start":{"line":3,"column":19},"end":{"line":3,"column":20}},"loc":{"start":{"line":3,"column":39},"end":{"line":10,"column":1}},"line":3},"1":{"name":"(anonymous_1)","decl":{"start":{"line":12,"column":21},"end":{"line":12,"column":22}},"loc":{"start":{"line":12,"column":41},"end":{"line":24,"column":3}},"line":12},"2":{"name":"(anonymous_2)","decl":{"start":{"line":27,"column":19},"end":{"line":27,"column":20}},"loc":{"start":{"line":27,"column":39},"end":{"line":34,"column":1}},"line":27},"3":{"name":"(anonymous_3)","decl":{"start":{"line":36,"column":21},"end":{"line":36,"column":22}},"loc":{"start":{"line":36,"column":41},"end":{"line":43,"column":1}},"line":36},"4":{"name":"(anonymous_4)","decl":{"start":{"line":45,"column":17},"end":{"line":45,"column":18}},"loc":{"start":{"line":45,"column":37},"end":{"line":52,"column":1}},"line":45},"5":{"name":"(anonymous_5)","decl":{"start":{"line":54,"column":16},"end":{"line":54,"column":17}},"loc":{"start":{"line":54,"column":36},"end":{"line":61,"column":1}},"line":54}},"branchMap":{"0":{"loc":{"start":{"line":18,"column":6},"end":{"line":20,"column":7}},"type":"if","locations":[{"start":{"line":18,"column":6},"end":{"line":20,"column":7}},{"start":{},"end":{}}],"line":18}},"s":{"0":1,"1":1,"2":0,"3":0,"4":0,"5":0,"6":1,"7":0,"8":0,"9":0,"10":0,"11":0,"12":1,"13":0,"14":0,"15":0,"16":0,"17":1,"18":0,"19":0,"20":0,"21":0,"22":1,"23":0,"24":0,"25":0,"26":0,"27":1,"28":0,"29":0,"30":0,"31":0},"f":{"0":0,"1":0,"2":0,"3":0,"4":0,"5":0},"b":{"0":[0,0]},"_coverageSchema":"1a1c01bbd47fc00a2c39e90264f33305004495a9","hash":"16c5590aa7bb2710f693350a5514f69bfa8e0846"}
,"/Users/kevinyaelrodriguezmedina/Downloads/ProyectoServiciosWeb/Back-ProgServWeb/src/middlewares/SanitizeInput.js": {"path":"/Users/kevinyaelrodriguezmedina/Downloads/ProyectoServiciosWeb/Back-ProgServWeb/src/middlewares/SanitizeInput.js","statementMap":{"0":{"start":{"line":2,"column":4},"end":{"line":6,"column":5}},"1":{"start":{"line":3,"column":6},"end":{"line":5,"column":7}},"2":{"start":{"line":4,"column":8},"end":{"line":4,"column":64}},"3":{"start":{"line":7,"column":4},"end":{"line":7,"column":11}},"4":{"start":{"line":10,"column":2},"end":{"line":10,"column":33}}},"fnMap":{"0":{"name":"sanitizeInput","decl":{"start":{"line":1,"column":9},"end":{"line":1,"column":22}},"loc":{"start":{"line":1,"column":39},"end":{"line":8,"column":3}},"line":1}},"branchMap":{"0":{"loc":{"start":{"line":3,"column":6},"end":{"line":5,"column":7}},"type":"if","locations":[{"start":{"line":3,"column":6},"end":{"line":5,"column":7}},{"start":{},"end":{}}],"line":3}},"s":{"0":4,"1":4,"2":4,"3":4,"4":1},"f":{"0":4},"b":{"0":[4,0]},"_coverageSchema":"1a1c01bbd47fc00a2c39e90264f33305004495a9","hash":"41ead0fdbbd7914f6fb671dcd4989b3f33227774"}
,"/Users/kevinyaelrodriguezmedina/Downloads/ProyectoServiciosWeb/Back-ProgServWeb/src/middlewares/validateFields.js": {"path":"/Users/kevinyaelrodriguezmedina/Downloads/ProyectoServiciosWeb/Back-ProgServWeb/src/middlewares/validateFields.js","statementMap":{"0":{"start":{"line":1,"column":29},"end":{"line":1,"column":57}},"1":{"start":{"line":4,"column":23},"end":{"line":10,"column":1}},"2":{"start":{"line":5,"column":19},"end":{"line":5,"column":40}},"3":{"start":{"line":6,"column":4},"end":{"line":8,"column":5}},"4":{"start":{"line":7,"column":8},"end":{"line":7,"column":64}},"5":{"start":{"line":9,"column":4},"end":{"line":9,"column":11}},"6":{"start":{"line":11,"column":0},"end":{"line":11,"column":32}}},"fnMap":{"0":{"name":"(anonymous_0)","decl":{"start":{"line":4,"column":23},"end":{"line":4,"column":24}},"loc":{"start":{"line":4,"column":45},"end":{"line":10,"column":1}},"line":4}},"branchMap":{"0":{"loc":{"start":{"line":6,"column":4},"end":{"line":8,"column":5}},"type":"if","locations":[{"start":{"line":6,"column":4},"end":{"line":8,"column":5}},{"start":{},"end":{}}],"line":6}},"s":{"0":1,"1":1,"2":2,"3":2,"4":1,"5":1,"6":1},"f":{"0":2},"b":{"0":[1,1]},"_coverageSchema":"1a1c01bbd47fc00a2c39e90264f33305004495a9","hash":"e469ef2abc86582dcbe2938e7181b7aba83d0514"}
,"/Users/kevinyaelrodriguezmedina/Downloads/ProyectoServiciosWeb/Back-ProgServWeb/src/models/comments.js": {"path":"/Users/kevinyaelrodriguezmedina/Downloads/ProyectoServiciosWeb/Back-ProgServWeb/src/models/comments.js","statementMap":{"0":{"start":{"line":1,"column":29},"end":{"line":1,"column":49}},"1":{"start":{"line":2,"column":18},"end":{"line":2,"column":47}},"2":{"start":{"line":5,"column":0},"end":{"line":40,"column":2}},"3":{"start":{"line":42,"column":0},"end":{"line":42,"column":26}}},"fnMap":{},"branchMap":{},"s":{"0":1,"1":1,"2":1,"3":1},"f":{},"b":{},"_coverageSchema":"1a1c01bbd47fc00a2c39e90264f33305004495a9","hash":"075193947a5ba75c972d90e9e5d0642b3a257568"}
,"/Users/kevinyaelrodriguezmedina/Downloads/ProyectoServiciosWeb/Back-ProgServWeb/src/models/question.js": {"path":"/Users/kevinyaelrodriguezmedina/Downloads/ProyectoServiciosWeb/Back-ProgServWeb/src/models/question.js","statementMap":{"0":{"start":{"line":1,"column":27},"end":{"line":1,"column":47}},"1":{"start":{"line":2,"column":18},"end":{"line":2,"column":47}},"2":{"start":{"line":3,"column":18},"end":{"line":3,"column":43}},"3":{"start":{"line":7,"column":0},"end":{"line":42,"column":2}},"4":{"start":{"line":44,"column":0},"end":{"line":44,"column":26}}},"fnMap":{},"branchMap":{},"s":{"0":1,"1":1,"2":1,"3":1,"4":1},"f":{},"b":{},"_coverageSchema":"1a1c01bbd47fc00a2c39e90264f33305004495a9","hash":"85b0b0f246838f0902435a1677c5eae772b80739"}
,"/Users/kevinyaelrodriguezmedina/Downloads/ProyectoServiciosWeb/Back-ProgServWeb/src/models/user.js": {"path":"/Users/kevinyaelrodriguezmedina/Downloads/ProyectoServiciosWeb/Back-ProgServWeb/src/models/user.js","statementMap":{"0":{"start":{"line":1,"column":29},"end":{"line":1,"column":49}},"1":{"start":{"line":2,"column":18},"end":{"line":2,"column":47}},"2":{"start":{"line":5,"column":0},"end":{"line":33,"column":2}},"3":{"start":{"line":37,"column":0},"end":{"line":37,"column":22}}},"fnMap":{},"branchMap":{},"s":{"0":1,"1":1,"2":1,"3":1},"f":{},"b":{},"_coverageSchema":"1a1c01bbd47fc00a2c39e90264f33305004495a9","hash":"38ea9f34efec8859ca1a0646c797495e4c7f8f4a"}
,"/Users/kevinyaelrodriguezmedina/Downloads/ProyectoServiciosWeb/Back-ProgServWeb/src/routes/index.js": {"path":"/Users/kevinyaelrodriguezmedina/Downloads/ProyectoServiciosWeb/Back-ProgServWeb/src/routes/index.js","statementMap":{"0":{"start":{"line":1,"column":26},"end":{"line":1,"column":45}},"1":{"start":{"line":3,"column":0},"end":{"line":3,"column":36}}},"fnMap":{},"branchMap":{},"s":{"0":1,"1":1},"f":{},"b":{},"_coverageSchema":"1a1c01bbd47fc00a2c39e90264f33305004495a9","hash":"9212b9994421460b84880f3736cdf6c158563964"}
,"/Users/kevinyaelrodriguezmedina/Downloads/ProyectoServiciosWeb/Back-ProgServWeb/src/routes/public.js": {"path":"/Users/kevinyaelrodriguezmedina/Downloads/ProyectoServiciosWeb/Back-ProgServWeb/src/routes/public.js","statementMap":{"0":{"start":{"line":1,"column":16},"end":{"line":1,"column":34}},"1":{"start":{"line":2,"column":15},"end":{"line":2,"column":31}},"2":{"start":{"line":3,"column":0},"end":{"line":3,"column":27}},"3":{"start":{"line":5,"column":19},"end":{"line":5,"column":45}},"4":{"start":{"line":6,"column":0},"end":{"line":6,"column":46}},"5":{"start":{"line":8,"column":23},"end":{"line":8,"column":58}},"6":{"start":{"line":9,"column":0},"end":{"line":9,"column":49}},"7":{"start":{"line":11,"column":23},"end":{"line":11,"column":63}},"8":{"start":{"line":12,"column":0},"end":{"line":12,"column":50}},"9":{"start":{"line":15,"column":0},"end":{"line":15,"column":24}}},"fnMap":{},"branchMap":{},"s":{"0":1,"1":1,"2":1,"3":1,"4":1,"5":1,"6":1,"7":1,"8":1,"9":1},"f":{},"b":{},"_coverageSchema":"1a1c01bbd47fc00a2c39e90264f33305004495a9","hash":"6354157ee511d80ab8540fffc1570389b7918801"}
,"/Users/kevinyaelrodriguezmedina/Downloads/ProyectoServiciosWeb/Back-ProgServWeb/src/routes/api/comments/commentsRoutes.js": {"path":"/Users/kevinyaelrodriguezmedina/Downloads/ProyectoServiciosWeb/Back-ProgServWeb/src/routes/api/comments/commentsRoutes.js","statementMap":{"0":{"start":{"line":1,"column":16},"end":{"line":1,"column":34}},"1":{"start":{"line":2,"column":15},"end":{"line":2,"column":31}},"2":{"start":{"line":3,"column":28},"end":{"line":3,"column":79}},"3":{"start":{"line":4,"column":19},"end":{"line":4,"column":41}},"4":{"start":{"line":5,"column":24},"end":{"line":5,"column":52}},"5":{"start":{"line":6,"column":27},"end":{"line":6,"column":52}},"6":{"start":{"line":7,"column":24},"end":{"line":7,"column":73}},"7":{"start":{"line":8,"column":23},"end":{"line":8,"column":72}},"8":{"start":{"line":47,"column":0},"end":{"line":52,"column":2}},"9":{"start":{"line":85,"column":0},"end":{"line":97,"column":2}},"10":{"start":{"line":90,"column":8},"end":{"line":95,"column":9}},"11":{"start":{"line":91,"column":35},"end":{"line":91,"column":80}},"12":{"start":{"line":92,"column":12},"end":{"line":92,"column":110}},"13":{"start":{"line":94,"column":12},"end":{"line":94,"column":70}},"14":{"start":{"line":111,"column":0},"end":{"line":118,"column":3}},"15":{"start":{"line":112,"column":4},"end":{"line":117,"column":5}},"16":{"start":{"line":113,"column":25},"end":{"line":113,"column":68}},"17":{"start":{"line":114,"column":8},"end":{"line":114,"column":52}},"18":{"start":{"line":116,"column":8},"end":{"line":116,"column":66}},"19":{"start":{"line":141,"column":0},"end":{"line":151,"column":3}},"20":{"start":{"line":142,"column":4},"end":{"line":150,"column":5}},"21":{"start":{"line":143,"column":24},"end":{"line":143,"column":70}},"22":{"start":{"line":144,"column":8},"end":{"line":146,"column":9}},"23":{"start":{"line":145,"column":12},"end":{"line":145,"column":92}},"24":{"start":{"line":147,"column":8},"end":{"line":147,"column":51}},"25":{"start":{"line":149,"column":8},"end":{"line":149,"column":66}},"26":{"start":{"line":174,"column":0},"end":{"line":181,"column":3}},"27":{"start":{"line":175,"column":4},"end":{"line":180,"column":5}},"28":{"start":{"line":176,"column":31},"end":{"line":176,"column":76}},"29":{"start":{"line":177,"column":8},"end":{"line":177,"column":110}},"30":{"start":{"line":179,"column":8},"end":{"line":179,"column":66}},"31":{"start":{"line":183,"column":0},"end":{"line":183,"column":24}}},"fnMap":{"0":{"name":"(anonymous_0)","decl":{"start":{"line":89,"column":4},"end":{"line":89,"column":5}},"loc":{"start":{"line":89,"column":24},"end":{"line":96,"column":5}},"line":89},"1":{"name":"(anonymous_1)","decl":{"start":{"line":111,"column":24},"end":{"line":111,"column":25}},"loc":{"start":{"line":111,"column":44},"end":{"line":118,"column":1}},"line":111},"2":{"name":"(anonymous_2)","decl":{"start":{"line":141,"column":28},"end":{"line":141,"column":29}},"loc":{"start":{"line":141,"column":48},"end":{"line":151,"column":1}},"line":141},"3":{"name":"(anonymous_3)","decl":{"start":{"line":174,"column":31},"end":{"line":174,"column":32}},"loc":{"start":{"line":174,"column":51},"end":{"line":181,"column":1}},"line":174}},"branchMap":{"0":{"loc":{"start":{"line":144,"column":8},"end":{"line":146,"column":9}},"type":"if","locations":[{"start":{"line":144,"column":8},"end":{"line":146,"column":9}},{"start":{},"end":{}}],"line":144}},"s":{"0":1,"1":1,"2":1,"3":1,"4":1,"5":1,"6":1,"7":1,"8":1,"9":1,"10":1,"11":1,"12":1,"13":0,"14":1,"15":1,"16":1,"17":1,"18":0,"19":1,"20":0,"21":0,"22":0,"23":0,"24":0,"25":0,"26":1,"27":1,"28":1,"29":1,"30":1,"31":1},"f":{"0":1,"1":1,"2":0,"3":1},"b":{"0":[0,0]},"_coverageSchema":"1a1c01bbd47fc00a2c39e90264f33305004495a9","hash":"13df2d70476b0b64f365b69a23958efdd7b5c2bc"}
,"/Users/kevinyaelrodriguezmedina/Downloads/ProyectoServiciosWeb/Back-ProgServWeb/src/routes/api/question/questions.js": {"path":"/Users/kevinyaelrodriguezmedina/Downloads/ProyectoServiciosWeb/Back-ProgServWeb/src/routes/api/question/questions.js","statementMap":{"0":{"start":{"line":1,"column":16},"end":{"line":1,"column":34}},"1":{"start":{"line":2,"column":15},"end":{"line":2,"column":31}},"2":{"start":{"line":3,"column":24},"end":{"line":3,"column":72}},"3":{"start":{"line":4,"column":19},"end":{"line":4,"column":41}},"4":{"start":{"line":44,"column":0},"end":{"line":52,"column":3}},"5":{"start":{"line":45,"column":4},"end":{"line":51,"column":5}},"6":{"start":{"line":46,"column":25},"end":{"line":46,"column":63}},"7":{"start":{"line":47,"column":8},"end":{"line":47,"column":46}},"8":{"start":{"line":50,"column":8},"end":{"line":50,"column":31}},"9":{"start":{"line":69,"column":0},"end":{"line":77,"column":3}},"10":{"start":{"line":70,"column":4},"end":{"line":76,"column":5}},"11":{"start":{"line":71,"column":25},"end":{"line":71,"column":62}},"12":{"start":{"line":72,"column":8},"end":{"line":72,"column":46}},"13":{"start":{"line":75,"column":8},"end":{"line":75,"column":30}},"14":{"start":{"line":101,"column":0},"end":{"line":109,"column":3}},"15":{"start":{"line":102,"column":4},"end":{"line":108,"column":5}},"16":{"start":{"line":103,"column":25},"end":{"line":103,"column":64}},"17":{"start":{"line":104,"column":8},"end":{"line":104,"column":46}},"18":{"start":{"line":107,"column":8},"end":{"line":107,"column":30}},"19":{"start":{"line":149,"column":0},"end":{"line":157,"column":3}},"20":{"start":{"line":150,"column":4},"end":{"line":156,"column":5}},"21":{"start":{"line":151,"column":25},"end":{"line":151,"column":64}},"22":{"start":{"line":152,"column":8},"end":{"line":152,"column":46}},"23":{"start":{"line":155,"column":8},"end":{"line":155,"column":30}},"24":{"start":{"line":159,"column":0},"end":{"line":159,"column":24}}},"fnMap":{"0":{"name":"(anonymous_0)","decl":{"start":{"line":44,"column":31},"end":{"line":44,"column":32}},"loc":{"start":{"line":44,"column":48},"end":{"line":52,"column":1}},"line":44},"1":{"name":"(anonymous_1)","decl":{"start":{"line":69,"column":32},"end":{"line":69,"column":33}},"loc":{"start":{"line":69,"column":50},"end":{"line":77,"column":1}},"line":69},"2":{"name":"(anonymous_2)","decl":{"start":{"line":101,"column":39},"end":{"line":101,"column":40}},"loc":{"start":{"line":101,"column":57},"end":{"line":109,"column":1}},"line":101},"3":{"name":"(anonymous_3)","decl":{"start":{"line":149,"column":34},"end":{"line":149,"column":35}},"loc":{"start":{"line":149,"column":52},"end":{"line":157,"column":1}},"line":149}},"branchMap":{},"s":{"0":1,"1":1,"2":1,"3":1,"4":1,"5":0,"6":0,"7":0,"8":0,"9":1,"10":0,"11":0,"12":0,"13":0,"14":1,"15":0,"16":0,"17":0,"18":0,"19":1,"20":0,"21":0,"22":0,"23":0,"24":1},"f":{"0":0,"1":0,"2":0,"3":0},"b":{},"_coverageSchema":"1a1c01bbd47fc00a2c39e90264f33305004495a9","hash":"1c70c0552ea92a026062141843604a834e9f787a"}
,"/Users/kevinyaelrodriguezmedina/Downloads/ProyectoServiciosWeb/Back-ProgServWeb/src/routes/api/user/auth.js": {"path":"/Users/kevinyaelrodriguezmedina/Downloads/ProyectoServiciosWeb/Back-ProgServWeb/src/routes/api/user/auth.js","statementMap":{"0":{"start":{"line":1,"column":16},"end":{"line":1,"column":34}},"1":{"start":{"line":2,"column":15},"end":{"line":2,"column":31}},"2":{"start":{"line":3,"column":23},"end":{"line":3,"column":70}},"3":{"start":{"line":4,"column":23},"end":{"line":4,"column":69}},"4":{"start":{"line":5,"column":23},"end":{"line":5,"column":69}},"5":{"start":{"line":35,"column":0},"end":{"line":35,"column":66}},"6":{"start":{"line":68,"column":0},"end":{"line":68,"column":71}},"7":{"start":{"line":82,"column":0},"end":{"line":82,"column":48}},"8":{"start":{"line":102,"column":0},"end":{"line":102,"column":56}},"9":{"start":{"line":122,"column":0},"end":{"line":122,"column":49}},"10":{"start":{"line":149,"column":0},"end":{"line":149,"column":44}},"11":{"start":{"line":151,"column":0},"end":{"line":151,"column":24}}},"fnMap":{},"branchMap":{},"s":{"0":1,"1":1,"2":1,"3":1,"4":1,"5":1,"6":1,"7":1,"8":1,"9":1,"10":1,"11":1},"f":{},"b":{},"_coverageSchema":"1a1c01bbd47fc00a2c39e90264f33305004495a9","hash":"788ae1f3e8b0265563b2ed93b07888ce53be4c0f"}
,"/Users/kevinyaelrodriguezmedina/Downloads/ProyectoServiciosWeb/Back-ProgServWeb/src/services/comments/comments.js": {"path":"/Users/kevinyaelrodriguezmedina/Downloads/ProyectoServiciosWeb/Back-ProgServWeb/src/services/comments/comments.js","statementMap":{"0":{"start":{"line":1,"column":18},"end":{"line":1,"column":38}},"1":{"start":{"line":2,"column":21},"end":{"line":2,"column":53}},"2":{"start":{"line":3,"column":19},"end":{"line":3,"column":41}},"3":{"start":{"line":6,"column":22},"end":{"line":22,"column":1}},"4":{"start":{"line":7,"column":4},"end":{"line":21,"column":5}},"5":{"start":{"line":8,"column":53},"end":{"line":8,"column":61}},"6":{"start":{"line":9,"column":8},"end":{"line":11,"column":9}},"7":{"start":{"line":10,"column":12},"end":{"line":10,"column":104}},"8":{"start":{"line":13,"column":27},"end":{"line":13,"column":90}},"9":{"start":{"line":15,"column":8},"end":{"line":18,"column":11}},"10":{"start":{"line":20,"column":8},"end":{"line":20,"column":91}},"11":{"start":{"line":25,"column":22},"end":{"line":45,"column":1}},"12":{"start":{"line":26,"column":4},"end":{"line":44,"column":5}},"13":{"start":{"line":27,"column":23},"end":{"line":27,"column":33}},"14":{"start":{"line":28,"column":28},"end":{"line":28,"column":36}},"15":{"start":{"line":30,"column":32},"end":{"line":30,"column":77}},"16":{"start":{"line":32,"column":8},"end":{"line":34,"column":9}},"17":{"start":{"line":33,"column":12},"end":{"line":33,"column":92}},"18":{"start":{"line":36,"column":8},"end":{"line":36,"column":69}},"19":{"start":{"line":38,"column":8},"end":{"line":41,"column":11}},"20":{"start":{"line":43,"column":8},"end":{"line":43,"column":91}},"21":{"start":{"line":48,"column":22},"end":{"line":66,"column":1}},"22":{"start":{"line":49,"column":4},"end":{"line":65,"column":5}},"23":{"start":{"line":50,"column":23},"end":{"line":50,"column":33}},"24":{"start":{"line":51,"column":32},"end":{"line":51,"column":77}},"25":{"start":{"line":53,"column":8},"end":{"line":55,"column":9}},"26":{"start":{"line":54,"column":12},"end":{"line":54,"column":92}},"27":{"start":{"line":57,"column":8},"end":{"line":57,"column":57}},"28":{"start":{"line":59,"column":8},"end":{"line":62,"column":11}},"29":{"start":{"line":64,"column":8},"end":{"line":64,"column":91}},"30":{"start":{"line":69,"column":20},"end":{"line":83,"column":1}},"31":{"start":{"line":70,"column":4},"end":{"line":82,"column":5}},"32":{"start":{"line":71,"column":28},"end":{"line":71,"column":56}},"33":{"start":{"line":73,"column":8},"end":{"line":75,"column":9}},"34":{"start":{"line":74,"column":12},"end":{"line":74,"column":86}},"35":{"start":{"line":76,"column":8},"end":{"line":79,"column":11}},"36":{"start":{"line":81,"column":8},"end":{"line":81,"column":91}},"37":{"start":{"line":85,"column":23},"end":{"line":101,"column":1}},"38":{"start":{"line":86,"column":4},"end":{"line":100,"column":5}},"39":{"start":{"line":87,"column":23},"end":{"line":87,"column":33}},"40":{"start":{"line":88,"column":24},"end":{"line":88,"column":69}},"41":{"start":{"line":90,"column":8},"end":{"line":92,"column":9}},"42":{"start":{"line":91,"column":12},"end":{"line":91,"column":92}},"43":{"start":{"line":94,"column":8},"end":{"line":97,"column":11}},"44":{"start":{"line":99,"column":8},"end":{"line":99,"column":91}},"45":{"start":{"line":103,"column":0},"end":{"line":103,"column":94}}},"fnMap":{"0":{"name":"(anonymous_0)","decl":{"start":{"line":6,"column":22},"end":{"line":6,"column":23}},"loc":{"start":{"line":6,"column":42},"end":{"line":22,"column":1}},"line":6},"1":{"name":"(anonymous_1)","decl":{"start":{"line":25,"column":22},"end":{"line":25,"column":23}},"loc":{"start":{"line":25,"column":42},"end":{"line":45,"column":1}},"line":25},"2":{"name":"(anonymous_2)","decl":{"start":{"line":48,"column":22},"end":{"line":48,"column":23}},"loc":{"start":{"line":48,"column":42},"end":{"line":66,"column":1}},"line":48},"3":{"name":"(anonymous_3)","decl":{"start":{"line":69,"column":20},"end":{"line":69,"column":21}},"loc":{"start":{"line":69,"column":40},"end":{"line":83,"column":1}},"line":69},"4":{"name":"(anonymous_4)","decl":{"start":{"line":85,"column":23},"end":{"line":85,"column":24}},"loc":{"start":{"line":85,"column":43},"end":{"line":101,"column":1}},"line":85}},"branchMap":{"0":{"loc":{"start":{"line":9,"column":8},"end":{"line":11,"column":9}},"type":"if","locations":[{"start":{"line":9,"column":8},"end":{"line":11,"column":9}},{"start":{},"end":{}}],"line":9},"1":{"loc":{"start":{"line":9,"column":12},"end":{"line":9,"column":51}},"type":"binary-expr","locations":[{"start":{"line":9,"column":12},"end":{"line":9,"column":23}},{"start":{"line":9,"column":27},"end":{"line":9,"column":39}},{"start":{"line":9,"column":43},"end":{"line":9,"column":51}}],"line":9},"2":{"loc":{"start":{"line":32,"column":8},"end":{"line":34,"column":9}},"type":"if","locations":[{"start":{"line":32,"column":8},"end":{"line":34,"column":9}},{"start":{},"end":{}}],"line":32},"3":{"loc":{"start":{"line":53,"column":8},"end":{"line":55,"column":9}},"type":"if","locations":[{"start":{"line":53,"column":8},"end":{"line":55,"column":9}},{"start":{},"end":{}}],"line":53},"4":{"loc":{"start":{"line":73,"column":8},"end":{"line":75,"column":9}},"type":"if","locations":[{"start":{"line":73,"column":8},"end":{"line":75,"column":9}},{"start":{},"end":{}}],"line":73},"5":{"loc":{"start":{"line":90,"column":8},"end":{"line":92,"column":9}},"type":"if","locations":[{"start":{"line":90,"column":8},"end":{"line":92,"column":9}},{"start":{},"end":{}}],"line":90}},"s":{"0":1,"1":1,"2":1,"3":1,"4":0,"5":0,"6":0,"7":0,"8":0,"9":0,"10":0,"11":1,"12":0,"13":0,"14":0,"15":0,"16":0,"17":0,"18":0,"19":0,"20":0,"21":1,"22":0,"23":0,"24":0,"25":0,"26":0,"27":0,"28":0,"29":0,"30":1,"31":0,"32":0,"33":0,"34":0,"35":0,"36":0,"37":1,"38":0,"39":0,"40":0,"41":0,"42":0,"43":0,"44":0,"45":1},"f":{"0":0,"1":0,"2":0,"3":0,"4":0},"b":{"0":[0,0],"1":[0,0,0],"2":[0,0],"3":[0,0],"4":[0,0],"5":[0,0]},"_coverageSchema":"1a1c01bbd47fc00a2c39e90264f33305004495a9","hash":"f91de57167effc7ed0420ec840ed4be9c9a20170"}
,"/Users/kevinyaelrodriguezmedina/Downloads/ProyectoServiciosWeb/Back-ProgServWeb/src/services/questions/questions.js": {"path":"/Users/kevinyaelrodriguezmedina/Downloads/ProyectoServiciosWeb/Back-ProgServWeb/src/services/questions/questions.js","statementMap":{"0":{"start":{"line":1,"column":22},"end":{"line":1,"column":54}},"1":{"start":{"line":2,"column":17},"end":{"line":2,"column":39}},"2":{"start":{"line":5,"column":16},"end":{"line":20,"column":1}},"3":{"start":{"line":6,"column":4},"end":{"line":19,"column":5}},"4":{"start":{"line":7,"column":44},"end":{"line":7,"column":52}},"5":{"start":{"line":8,"column":8},"end":{"line":12,"column":9}},"6":{"start":{"line":9,"column":12},"end":{"line":11,"column":70}},"7":{"start":{"line":13,"column":8},"end":{"line":13,"column":58}},"8":{"start":{"line":14,"column":8},"end":{"line":15,"column":63}},"9":{"start":{"line":18,"column":8},"end":{"line":18,"column":33}},"10":{"start":{"line":22,"column":14},"end":{"line":38,"column":1}},"11":{"start":{"line":23,"column":4},"end":{"line":37,"column":5}},"12":{"start":{"line":24,"column":25},"end":{"line":24,"column":54}},"13":{"start":{"line":25,"column":8},"end":{"line":29,"column":9}},"14":{"start":{"line":26,"column":12},"end":{"line":28,"column":67}},"15":{"start":{"line":30,"column":8},"end":{"line":33,"column":10}},"16":{"start":{"line":36,"column":8},"end":{"line":36,"column":33}},"17":{"start":{"line":40,"column":16},"end":{"line":57,"column":1}},"18":{"start":{"line":41,"column":19},"end":{"line":41,"column":29}},"19":{"start":{"line":42,"column":40},"end":{"line":42,"column":48}},"20":{"start":{"line":44,"column":4},"end":{"line":56,"column":5}},"21":{"start":{"line":45,"column":25},"end":{"line":45,"column":58}},"22":{"start":{"line":46,"column":8},"end":{"line":48,"column":13}},"23":{"start":{"line":47,"column":12},"end":{"line":47,"column":89}},"24":{"start":{"line":49,"column":12},"end":{"line":49,"column":64}},"25":{"start":{"line":50,"column":12},"end":{"line":52,"column":77}},"26":{"start":{"line":55,"column":8},"end":{"line":55,"column":33}},"27":{"start":{"line":59,"column":16},"end":{"line":77,"column":1}},"28":{"start":{"line":60,"column":4},"end":{"line":76,"column":11}},"29":{"start":{"line":61,"column":23},"end":{"line":61,"column":33}},"30":{"start":{"line":62,"column":25},"end":{"line":62,"column":71}},"31":{"start":{"line":64,"column":8},"end":{"line":68,"column":9}},"32":{"start":{"line":65,"column":8},"end":{"line":67,"column":49}},"33":{"start":{"line":69,"column":8},"end":{"line":69,"column":32}},"34":{"start":{"line":70,"column":8},"end":{"line":73,"column":13}},"35":{"start":{"line":75,"column":12},"end":{"line":75,"column":37}},"36":{"start":{"line":78,"column":0},"end":{"line":78,"column":51}}},"fnMap":{"0":{"name":"(anonymous_0)","decl":{"start":{"line":5,"column":16},"end":{"line":5,"column":17}},"loc":{"start":{"line":5,"column":36},"end":{"line":20,"column":1}},"line":5},"1":{"name":"(anonymous_1)","decl":{"start":{"line":22,"column":14},"end":{"line":22,"column":15}},"loc":{"start":{"line":22,"column":33},"end":{"line":38,"column":1}},"line":22},"2":{"name":"(anonymous_2)","decl":{"start":{"line":40,"column":16},"end":{"line":40,"column":17}},"loc":{"start":{"line":40,"column":36},"end":{"line":57,"column":1}},"line":40},"3":{"name":"(anonymous_3)","decl":{"start":{"line":59,"column":16},"end":{"line":59,"column":17}},"loc":{"start":{"line":59,"column":36},"end":{"line":77,"column":1}},"line":59}},"branchMap":{"0":{"loc":{"start":{"line":8,"column":8},"end":{"line":12,"column":9}},"type":"if","locations":[{"start":{"line":8,"column":8},"end":{"line":12,"column":9}},{"start":{},"end":{}}],"line":8},"1":{"loc":{"start":{"line":8,"column":12},"end":{"line":8,"column":43}},"type":"binary-expr","locations":[{"start":{"line":8,"column":12},"end":{"line":8,"column":20}},{"start":{"line":8,"column":23},"end":{"line":8,"column":31}},{"start":{"line":8,"column":35},"end":{"line":8,"column":43}}],"line":8},"2":{"loc":{"start":{"line":25,"column":8},"end":{"line":29,"column":9}},"type":"if","locations":[{"start":{"line":25,"column":8},"end":{"line":29,"column":9}},{"start":{},"end":{}}],"line":25},"3":{"loc":{"start":{"line":46,"column":8},"end":{"line":48,"column":13}},"type":"if","locations":[{"start":{"line":46,"column":8},"end":{"line":48,"column":13}},{"start":{},"end":{}}],"line":46},"4":{"loc":{"start":{"line":46,"column":12},"end":{"line":46,"column":44}},"type":"binary-expr","locations":[{"start":{"line":46,"column":12},"end":{"line":46,"column":20}},{"start":{"line":46,"column":24},"end":{"line":46,"column":32}},{"start":{"line":46,"column":36},"end":{"line":46,"column":44}}],"line":46},"5":{"loc":{"start":{"line":64,"column":8},"end":{"line":68,"column":9}},"type":"if","locations":[{"start":{"line":64,"column":8},"end":{"line":68,"column":9}},{"start":{},"end":{}}],"line":64}},"s":{"0":1,"1":1,"2":1,"3":0,"4":0,"5":0,"6":0,"7":0,"8":0,"9":0,"10":1,"11":0,"12":0,"13":0,"14":0,"15":0,"16":0,"17":1,"18":0,"19":0,"20":0,"21":0,"22":0,"23":0,"24":0,"25":0,"26":0,"27":1,"28":0,"29":0,"30":0,"31":0,"32":0,"33":0,"34":0,"35":0,"36":1},"f":{"0":0,"1":0,"2":0,"3":0},"b":{"0":[0,0],"1":[0,0,0],"2":[0,0],"3":[0,0],"4":[0,0,0],"5":[0,0]},"_coverageSchema":"1a1c01bbd47fc00a2c39e90264f33305004495a9","hash":"19bdae5448f54ef7885f54716f632288444e1c4a"}
,"/Users/kevinyaelrodriguezmedina/Downloads/ProyectoServiciosWeb/Back-ProgServWeb/src/services/user/auth.js": {"path":"/Users/kevinyaelrodriguezmedina/Downloads/ProyectoServiciosWeb/Back-ProgServWeb/src/services/user/auth.js","statementMap":{"0":{"start":{"line":1,"column":18},"end":{"line":1,"column":46}},"1":{"start":{"line":2,"column":19},"end":{"line":2,"column":41}},"2":{"start":{"line":3,"column":14},"end":{"line":3,"column":31}},"3":{"start":{"line":4,"column":0},"end":{"line":4,"column":27}},"4":{"start":{"line":5,"column":16},"end":{"line":5,"column":34}},"5":{"start":{"line":6,"column":12},"end":{"line":6,"column":35}},"6":{"start":{"line":8,"column":19},"end":{"line":30,"column":3}},"7":{"start":{"line":9,"column":4},"end":{"line":29,"column":5}},"8":{"start":{"line":10,"column":47},"end":{"line":10,"column":55}},"9":{"start":{"line":11,"column":19},"end":{"line":11,"column":42}},"10":{"start":{"line":12,"column":23},"end":{"line":12,"column":54}},"11":{"start":{"line":15,"column":6},"end":{"line":18,"column":7}},"12":{"start":{"line":16,"column":8},"end":{"line":17,"column":37}},"13":{"start":{"line":21,"column":6},"end":{"line":21,"column":66}},"14":{"start":{"line":23,"column":6},"end":{"line":26,"column":9}},"15":{"start":{"line":28,"column":6},"end":{"line":28,"column":31}},"16":{"start":{"line":34,"column":21},"end":{"line":55,"column":3}},"17":{"start":{"line":36,"column":19},"end":{"line":36,"column":29}},"18":{"start":{"line":37,"column":45},"end":{"line":37,"column":53}},"19":{"start":{"line":39,"column":17},"end":{"line":39,"column":40}},"20":{"start":{"line":40,"column":21},"end":{"line":40,"column":52}},"21":{"start":{"line":42,"column":4},"end":{"line":54,"column":7}},"22":{"start":{"line":43,"column":24},"end":{"line":43,"column":66}},"23":{"start":{"line":45,"column":8},"end":{"line":47,"column":9}},"24":{"start":{"line":46,"column":8},"end":{"line":46,"column":85}},"25":{"start":{"line":48,"column":8},"end":{"line":48,"column":73}},"26":{"start":{"line":49,"column":8},"end":{"line":51,"column":65}},"27":{"start":{"line":53,"column":8},"end":{"line":53,"column":33}},"28":{"start":{"line":57,"column":19},"end":{"line":73,"column":3}},"29":{"start":{"line":58,"column":4},"end":{"line":72,"column":5}},"30":{"start":{"line":59,"column":23},"end":{"line":59,"column":48}},"31":{"start":{"line":61,"column":6},"end":{"line":65,"column":7}},"32":{"start":{"line":62,"column":8},"end":{"line":64,"column":67}},"33":{"start":{"line":66,"column":6},"end":{"line":69,"column":9}},"34":{"start":{"line":71,"column":6},"end":{"line":71,"column":31}},"35":{"start":{"line":75,"column":21},"end":{"line":93,"column":3}},"36":{"start":{"line":76,"column":4},"end":{"line":92,"column":7}},"37":{"start":{"line":77,"column":23},"end":{"line":77,"column":33}},"38":{"start":{"line":78,"column":24},"end":{"line":78,"column":66}},"39":{"start":{"line":80,"column":8},"end":{"line":82,"column":9}},"40":{"start":{"line":81,"column":8},"end":{"line":81,"column":85}},"41":{"start":{"line":83,"column":8},"end":{"line":83,"column":31}},"42":{"start":{"line":84,"column":8},"end":{"line":88,"column":13}},"43":{"start":{"line":91,"column":8},"end":{"line":91,"column":33}},"44":{"start":{"line":95,"column":16},"end":{"line":133,"column":3}},"45":{"start":{"line":96,"column":4},"end":{"line":132,"column":5}},"46":{"start":{"line":98,"column":47},"end":{"line":98,"column":55}},"47":{"start":{"line":99,"column":22},"end":{"line":99,"column":78}},"48":{"start":{"line":101,"column":6},"end":{"line":103,"column":7}},"49":{"start":{"line":102,"column":8},"end":{"line":102,"column":85}},"50":{"start":{"line":105,"column":27},"end":{"line":105,"column":74}},"51":{"start":{"line":107,"column":4},"end":{"line":109,"column":5}},"52":{"start":{"line":108,"column":6},"end":{"line":108,"column":70}},"53":{"start":{"line":110,"column":20},"end":{"line":112,"column":5}},"54":{"start":{"line":113,"column":18},"end":{"line":113,"column":80}},"55":{"start":{"line":114,"column":17},"end":{"line":114,"column":36}},"56":{"start":{"line":115,"column":20},"end":{"line":115,"column":36}},"57":{"start":{"line":116,"column":6},"end":{"line":128,"column":9}},"58":{"start":{"line":131,"column":6},"end":{"line":131,"column":31}},"59":{"start":{"line":135,"column":17},"end":{"line":151,"column":3}},"60":{"start":{"line":136,"column":4},"end":{"line":150,"column":7}},"61":{"start":{"line":137,"column":23},"end":{"line":137,"column":33}},"62":{"start":{"line":138,"column":24},"end":{"line":138,"column":66}},"63":{"start":{"line":140,"column":8},"end":{"line":142,"column":9}},"64":{"start":{"line":141,"column":8},"end":{"line":141,"column":108}},"65":{"start":{"line":144,"column":8},"end":{"line":147,"column":11}},"66":{"start":{"line":149,"column":8},"end":{"line":149,"column":33}},"67":{"start":{"line":153,"column":2},"end":{"line":153,"column":82}}},"fnMap":{"0":{"name":"(anonymous_0)","decl":{"start":{"line":8,"column":19},"end":{"line":8,"column":20}},"loc":{"start":{"line":8,"column":39},"end":{"line":30,"column":3}},"line":8},"1":{"name":"(anonymous_1)","decl":{"start":{"line":34,"column":21},"end":{"line":34,"column":22}},"loc":{"start":{"line":34,"column":41},"end":{"line":55,"column":3}},"line":34},"2":{"name":"(anonymous_2)","decl":{"start":{"line":57,"column":19},"end":{"line":57,"column":20}},"loc":{"start":{"line":57,"column":39},"end":{"line":73,"column":3}},"line":57},"3":{"name":"(anonymous_3)","decl":{"start":{"line":75,"column":21},"end":{"line":75,"column":22}},"loc":{"start":{"line":75,"column":41},"end":{"line":93,"column":3}},"line":75},"4":{"name":"(anonymous_4)","decl":{"start":{"line":95,"column":16},"end":{"line":95,"column":17}},"loc":{"start":{"line":95,"column":36},"end":{"line":133,"column":3}},"line":95},"5":{"name":"(anonymous_5)","decl":{"start":{"line":135,"column":17},"end":{"line":135,"column":18}},"loc":{"start":{"line":135,"column":37},"end":{"line":151,"column":3}},"line":135}},"branchMap":{"0":{"loc":{"start":{"line":15,"column":6},"end":{"line":18,"column":7}},"type":"if","locations":[{"start":{"line":15,"column":6},"end":{"line":18,"column":7}},{"start":{},"end":{}}],"line":15},"1":{"loc":{"start":{"line":15,"column":10},"end":{"line":15,"column":45}},"type":"binary-expr","locations":[{"start":{"line":15,"column":10},"end":{"line":15,"column":19}},{"start":{"line":15,"column":23},"end":{"line":15,"column":32}},{"start":{"line":15,"column":36},"end":{"line":15,"column":45}}],"line":15},"2":{"loc":{"start":{"line":45,"column":8},"end":{"line":47,"column":9}},"type":"if","locations":[{"start":{"line":45,"column":8},"end":{"line":47,"column":9}},{"start":{},"end":{}}],"line":45},"3":{"loc":{"start":{"line":61,"column":6},"end":{"line":65,"column":7}},"type":"if","locations":[{"start":{"line":61,"column":6},"end":{"line":65,"column":7}},{"start":{},"end":{}}],"line":61},"4":{"loc":{"start":{"line":80,"column":8},"end":{"line":82,"column":9}},"type":"if","locations":[{"start":{"line":80,"column":8},"end":{"line":82,"column":9}},{"start":{},"end":{}}],"line":80},"5":{"loc":{"start":{"line":101,"column":6},"end":{"line":103,"column":7}},"type":"if","locations":[{"start":{"line":101,"column":6},"end":{"line":103,"column":7}},{"start":{},"end":{}}],"line":101},"6":{"loc":{"start":{"line":107,"column":4},"end":{"line":109,"column":5}},"type":"if","locations":[{"start":{"line":107,"column":4},"end":{"line":109,"column":5}},{"start":{},"end":{}}],"line":107},"7":{"loc":{"start":{"line":140,"column":8},"end":{"line":142,"column":9}},"type":"if","locations":[{"start":{"line":140,"column":8},"end":{"line":142,"column":9}},{"start":{},"end":{}}],"line":140}},"s":{"0":2,"1":2,"2":2,"3":2,"4":2,"5":2,"6":2,"7":3,"8":3,"9":3,"10":3,"11":3,"12":2,"13":1,"14":1,"15":0,"16":2,"17":0,"18":0,"19":0,"20":0,"21":0,"22":0,"23":0,"24":0,"25":0,"26":0,"27":0,"28":2,"29":0,"30":0,"31":0,"32":0,"33":0,"34":0,"35":2,"36":0,"37":0,"38":0,"39":0,"40":0,"41":0,"42":0,"43":0,"44":2,"45":0,"46":0,"47":0,"48":0,"49":0,"50":0,"51":0,"52":0,"53":0,"54":0,"55":0,"56":0,"57":0,"58":0,"59":2,"60":0,"61":0,"62":0,"63":0,"64":0,"65":0,"66":0,"67":2},"f":{"0":3,"1":0,"2":0,"3":0,"4":0,"5":0},"b":{"0":[2,1],"1":[3,2,1],"2":[0,0],"3":[0,0],"4":[0,0],"5":[0,0],"6":[0,0],"7":[0,0]},"_coverageSchema":"1a1c01bbd47fc00a2c39e90264f33305004495a9","hash":"299655e98e0e5da0ca665fc109a103b189295a14"}
,"/Users/kevinyaelrodriguezmedina/Downloads/ProyectoServiciosWeb/Back-ProgServWeb/swagger/swagger.js": {"path":"/Users/kevinyaelrodriguezmedina/Downloads/ProyectoServiciosWeb/Back-ProgServWeb/swagger/swagger.js","statementMap":{"0":{"start":{"line":2,"column":21},"end":{"line":2,"column":45}},"1":{"start":{"line":4,"column":16},"end":{"line":21,"column":1}},"2":{"start":{"line":23,"column":14},"end":{"line":23,"column":35}},"3":{"start":{"line":24,"column":0},"end":{"line":24,"column":23}}},"fnMap":{},"branchMap":{},"s":{"0":1,"1":1,"2":1,"3":1},"f":{},"b":{},"_coverageSchema":"1a1c01bbd47fc00a2c39e90264f33305004495a9","hash":"377feeb6053765905a48beffe23aaa32616110be"}
}
